<?xml version="1.0" encoding="UTF-8"?>
<!-- Generated by org.testng.reporters.JUnitReportReporter -->
<testsuite skipped="0" hostname="Shueb-Chowdhury-MacBook-Pro.local" name="com.home.work.DragAndDropConcept" tests="1" failures="0" timestamp="29 Mar 2019 20:04:17 GMT" time="3.674" errors="0">
  <testcase name="dragAndDrop" time="3.674" classname="com.home.work.DragAndDropConcept"/>
</testsuite> <!-- com.home.work.DragAndDropConcept -->
