<?xml version="1.0" encoding="UTF-8"?>
<!-- Generated by org.testng.reporters.JUnitReportReporter -->
<testsuite skipped="0" hostname="Shueb-Chowdhury-MacBook-Pro.local" name="com.home.work.CookiesOperation" tests="1" failures="0" timestamp="29 Mar 2019 07:03:42 GMT" time="4.399" errors="0">
  <testcase name="deleteAllTheCookies" time="4.399" classname="com.home.work.CookiesOperation"/>
</testsuite> <!-- com.home.work.CookiesOperation -->
